INFO: localdir at /localscratch/2870887.elena.buscaroli
INFO: your job will run on local system.
----------------------------
 JOB ID: 2870884
 CURRENT TASK ID: 2870887
 CURRENT TASK NUMBER: 2
----------------------------
 MIN TASK ID: 0
 MAX TASK ID: 3
 TOTAL NUMBER OF TASKS: 4
----------------------------

CommandNotFoundError: Your shell has not been properly configured to use 'conda activate'.
To initialize your shell, run

    $ conda init <SHELL_NAME>

Currently supported shells are:
  - bash
  - fish
  - tcsh
  - xonsh
  - zsh
  - powershell

See 'conda init --help' for more information and options.

IMPORTANT: You may need to close and restart your shell after running 'conda init'.


During startup - Warning message:
Setting LC_CTYPE failed, using "C" 
[1] "2"
i Loading basilica
v Loading basilica. Support : <https://caravagnalab.github.io/basilica/>
! The 'basilica-env' environment is already loaded!
i Loading the `basilica-env` environment.
v Loading the `basilica-env` environment. ... done

i Installing the `pybasilica` package from PyPI.
Requirement already satisfied: pybasilica in /home/elena.buscaroli/miniconda3/envs/basilica-env/lib/python3.9/site-packages (0.1.4)
Requirement already satisfied: pandas>=1.4.2 in /home/elena.buscaroli/miniconda3/envs/basilica-env/lib/python3.9/site-packages (from pybasilica) (2.0.2)
Requirement already satisfied: pyro-api>=0.1.2 in /home/elena.buscaroli/miniconda3/envs/basilica-env/lib/python3.9/site-packages (from pybasilica) (0.1.2)
Requirement already satisfied: pyro-ppl>=1.8.0 in /home/elena.buscaroli/miniconda3/envs/basilica-env/lib/python3.9/site-packages (from pybasilica) (1.8.0)
Requirement already satisfied: numpy>=1.21.5 in /home/elena.buscaroli/miniconda3/envs/basilica-env/lib/python3.9/site-packages (from pybasilica) (1.24.3)
Requirement already satisfied: torch==1.10.2 in /home/elena.buscaroli/miniconda3/envs/basilica-env/lib/python3.9/site-packages (from pybasilica) (1.10.2)
Requirement already satisfied: tqdm in /home/elena.buscaroli/miniconda3/envs/basilica-env/lib/python3.9/site-packages (from pybasilica) (4.65.0)
Requirement already satisfied: rich in /home/elena.buscaroli/miniconda3/envs/basilica-env/lib/python3.9/site-packages (from pybasilica) (13.4.2)
Requirement already satisfied: statsmodels in /home/elena.buscaroli/miniconda3/envs/basilica-env/lib/python3.9/site-packages (from pybasilica) (0.14.0)
Requirement already satisfied: uniplot in /home/elena.buscaroli/miniconda3/envs/basilica-env/lib/python3.9/site-packages (from pybasilica) (0.10.0)
Requirement already satisfied: typing-extensions in /home/elena.buscaroli/miniconda3/envs/basilica-env/lib/python3.9/site-packages (from torch==1.10.2->pybasilica) (4.6.3)
Requirement already satisfied: python-dateutil>=2.8.2 in /home/elena.buscaroli/miniconda3/envs/basilica-env/lib/python3.9/site-packages (from pandas>=1.4.2->pybasilica) (2.8.2)
Requirement already satisfied: pytz>=2020.1 in /home/elena.buscaroli/miniconda3/envs/basilica-env/lib/python3.9/site-packages (from pandas>=1.4.2->pybasilica) (2023.3)
Requirement already satisfied: tzdata>=2022.1 in /home/elena.buscaroli/miniconda3/envs/basilica-env/lib/python3.9/site-packages (from pandas>=1.4.2->pybasilica) (2023.3)
Requirement already satisfied: opt-einsum>=2.3.2 in /home/elena.buscaroli/miniconda3/envs/basilica-env/lib/python3.9/site-packages (from pyro-ppl>=1.8.0->pybasilica) (3.3.0)
Requirement already satisfied: markdown-it-py>=2.2.0 in /home/elena.buscaroli/miniconda3/envs/basilica-env/lib/python3.9/site-packages (from rich->pybasilica) (3.0.0)
Requirement already satisfied: pygments<3.0.0,>=2.13.0 in /home/elena.buscaroli/miniconda3/envs/basilica-env/lib/python3.9/site-packages (from rich->pybasilica) (2.15.1)
Requirement already satisfied: scipy!=1.9.2,>=1.4 in /home/elena.buscaroli/miniconda3/envs/basilica-env/lib/python3.9/site-packages (from statsmodels->pybasilica) (1.10.1)
Requirement already satisfied: patsy>=0.5.2 in /home/elena.buscaroli/miniconda3/envs/basilica-env/lib/python3.9/site-packages (from statsmodels->pybasilica) (0.5.3)
Requirement already satisfied: packaging>=21.3 in /home/elena.buscaroli/miniconda3/envs/basilica-env/lib/python3.9/site-packages (from statsmodels->pybasilica) (23.1)
Requirement already satisfied: mdurl~=0.1 in /home/elena.buscaroli/miniconda3/envs/basilica-env/lib/python3.9/site-packages (from markdown-it-py>=2.2.0->rich->pybasilica) (0.1.2)
Requirement already satisfied: six in /home/elena.buscaroli/miniconda3/envs/basilica-env/lib/python3.9/site-packages (from patsy>=0.5.2->statsmodels->pybasilica) (1.16.0)
v Installing the `pybasilica` package from PyPI. ... done

i Loading simbasilica
[1] 2
# A tibble: 1 x 5
  N_vals n_groups_vals samples_per_group n_priv_comm n_priv_rare
   <dbl>         <dbl> <list>                  <dbl>       <dbl>
1    300             4 <int [251]>                 4           1
# A tibble: 1 x 5
  N_vals n_groups_vals samples_per_group n_priv_comm n_priv_rare
   <dbl>         <dbl> <list>                  <dbl>       <dbl>
1    300             4 <int [251]>                 4           1
N300.G4.s10
No id variables; using all as measure variables
No id variables; using all as measure variables
No id variables; using all as measure variables
No id variables; using all as measure variables
No id variables; using all as measure variables
No id variables; using all as measure variables
No id variables; using all as measure variables
No id variables; using all as measure variables
No id variables; using all as measure variables
No id variables; using all as measure variables
N300.G4.s9
No id variables; using all as measure variables
No id variables; using all as measure variables
No id variables; using all as measure variables
No id variables; using all as measure variables
No id variables; using all as measure variables
No id variables; using all as measure variables
No id variables; using all as measure variables
No id variables; using all as measure variables
No id variables; using all as measure variables
No id variables; using all as measure variables
N300.G4.s8
No id variables; using all as measure variables
No id variables; using all as measure variables
No id variables; using all as measure variables
No id variables; using all as measure variables
No id variables; using all as measure variables
No id variables; using all as measure variables
No id variables; using all as measure variables
No id variables; using all as measure variables
No id variables; using all as measure variables
No id variables; using all as measure variables
N300.G4.s7
No id variables; using all as measure variables
No id variables; using all as measure variables
No id variables; using all as measure variables
No id variables; using all as measure variables
No id variables; using all as measure variables
No id variables; using all as measure variables
No id variables; using all as measure variables
No id variables; using all as measure variables
No id variables; using all as measure variables
No id variables; using all as measure variables
N300.G4.s6
No id variables; using all as measure variables
No id variables; using all as measure variables
No id variables; using all as measure variables
No id variables; using all as measure variables
No id variables; using all as measure variables
No id variables; using all as measure variables
No id variables; using all as measure variables
No id variables; using all as measure variables
No id variables; using all as measure variables
No id variables; using all as measure variables
N300.G4.s5
Warning messages:
1: This manual palette can handle a maximum of 16 values. You have supplied 27. 
2: This manual palette can handle a maximum of 16 values. You have supplied 27. 
3: This manual palette can handle a maximum of 16 values. You have supplied 27. 
4: This manual palette can handle a maximum of 16 values. You have supplied 27. 
5: This manual palette can handle a maximum of 16 values. You have supplied 27. 
6: This manual palette can handle a maximum of 16 values. You have supplied 27. 
7: This manual palette can handle a maximum of 16 values. You have supplied 27. 
8: This manual palette can handle a maximum of 16 values. You have supplied 27. 
9: This manual palette can handle a maximum of 16 values. You have supplied 27. 
10: This manual palette can handle a maximum of 16 values. You have supplied 27. 
Running with seed 10

Running with seed 27

Running with seed 33

Running with seed 92

Running with seed 111

Running with seed 10

Running with seed 27

Running with seed 33

Running with seed 92

Running with seed 111

Running with seed 10

Running with seed 27

Running with seed 33

Running with seed 92

Running with seed 111

Running with seed 10

Running with seed 27

Running with seed 33

Running with seed 92

Running with seed 111

Running with seed 10

Running with seed 27

Running with seed 33

Running with seed 92

Running with seed 111

Running with seed 10

Running with seed 27

Running with seed 33

Running with seed 92

Running with seed 111

Running with seed 10

Running with seed 27

Running with seed 33

Running with seed 92

Running with seed 111

Running with seed 10

Running with seed 27

Running with seed 33

Running with seed 92

Running with seed 111

Running with seed 10

Running with seed 27

Running with seed 33

Running with seed 92

Running with seed 111

Running with seed 10

Running with seed 27

Running with seed 33

Running with seed 92

Running with seed 111

Running with seed 10

Running with seed 27

Running with seed 33

Running with seed 92

Running with seed 111

Running with seed 10

Running with seed 27

Running with seed 33

Running with seed 92

Running with seed 111

Running with seed 10

Running with seed 27

Running with seed 33

Running with seed 92

Running with seed 111

Running with seed 10

Running with seed 27

Running with seed 33

Running with seed 92

Running with seed 111

Running with seed 10

Running with seed 27

Running with seed 33

Running with seed 92

Running with seed 111

Running with seed 10

Initializing parameters with non-hierarchical fit
Running with seed 10

Running with seed 27

Initializing parameters with non-hierarchical fit
Running with seed 27

Running with seed 33

Initializing parameters with non-hierarchical fit
Running with seed 33

Running with seed 92

Initializing parameters with non-hierarchical fit
Running with seed 92

Running with seed 111

Initializing parameters with non-hierarchical fit
Running with seed 111

Running with seed 10

Initializing parameters with non-hierarchical fit
Running with seed 10

Running with seed 27

Initializing parameters with non-hierarchical fit
Running with seed 27

Running with seed 33

Initializing parameters with non-hierarchical fit
Running with seed 33

Running with seed 92

Initializing parameters with non-hierarchical fit
Running with seed 92

Running with seed 111

Initializing parameters with non-hierarchical fit
Running with seed 111

Running with seed 10

Initializing parameters with non-hierarchical fit
Running with seed 10

Running with seed 27

Initializing parameters with non-hierarchical fit
Running with seed 27

Running with seed 33

Initializing parameters with non-hierarchical fit
Running with seed 33

Running with seed 92

Initializing parameters with non-hierarchical fit
Running with seed 92

Running with seed 111

Initializing parameters with non-hierarchical fit
Running with seed 111

Running with seed 10

Initializing parameters with non-hierarchical fit
Running with seed 10

Running with seed 27

Initializing parameters with non-hierarchical fit
Running with seed 27

Running with seed 33

Initializing parameters with non-hierarchical fit
Running with seed 33

Running with seed 92

Initializing parameters with non-hierarchical fit
Running with seed 92

Running with seed 111

Initializing parameters with non-hierarchical fit
Running with seed 111

Running with seed 10

Initializing parameters with non-hierarchical fit
Running with seed 10

Running with seed 27

Initializing parameters with non-hierarchical fit
Running with seed 27

Running with seed 33

Initializing parameters with non-hierarchical fit
Running with seed 33

Running with seed 92

Initializing parameters with non-hierarchical fit
Running with seed 92

Running with seed 111

Initializing parameters with non-hierarchical fit
Running with seed 111

Running with seed 10

Initializing parameters with non-hierarchical fit
Running with seed 10

Running with seed 27

Initializing parameters with non-hierarchical fit
Running with seed 27

Running with seed 33

Initializing parameters with non-hierarchical fit
Running with seed 33

Running with seed 92

Initializing parameters with non-hierarchical fit
Running with seed 92

Running with seed 111

Initializing parameters with non-hierarchical fit
Running with seed 111

Running with seed 10

Initializing parameters with non-hierarchical fit
Running with seed 10

Running with seed 27

Initializing parameters with non-hierarchical fit
Running with seed 27

Running with seed 33

Initializing parameters with non-hierarchical fit
Running with seed 33

Running with seed 92

Initializing parameters with non-hierarchical fit
Running with seed 92

Running with seed 111

Initializing parameters with non-hierarchical fit
Running with seed 111

Running with seed 10

Initializing parameters with non-hierarchical fit
Running with seed 10

Running with seed 27

Initializing parameters with non-hierarchical fit
Running with seed 27

Running with seed 33

Initializing parameters with non-hierarchical fit
Running with seed 33

Running with seed 92

Initializing parameters with non-hierarchical fit
Running with seed 92

Running with seed 111

Initializing parameters with non-hierarchical fit
Running with seed 111

Running with seed 10

Initializing parameters with non-hierarchical fit
Running with seed 10

Running with seed 27

Initializing parameters with non-hierarchical fit
Running with seed 27

Running with seed 33

Initializing parameters with non-hierarchical fit
Running with seed 33

Running with seed 92

Initializing parameters with non-hierarchical fit
Running with seed 92

Running with seed 111

Initializing parameters with non-hierarchical fit
Running with seed 111

Running with seed 10

Initializing parameters with non-hierarchical fit
Running with seed 10

Running with seed 27

Initializing parameters with non-hierarchical fit
Running with seed 27

Running with seed 33

Initializing parameters with non-hierarchical fit
Running with seed 33

Running with seed 92

Initializing parameters with non-hierarchical fit
Running with seed 92

Running with seed 111

Initializing parameters with non-hierarchical fit
Running with seed 111

Running with seed 10

Initializing parameters with non-hierarchical fit
Running with seed 10

Running with seed 27

Initializing parameters with non-hierarchical fit
Running with seed 27

Running with seed 33

Initializing parameters with non-hierarchical fit
Running with seed 33

Running with seed 92

Initializing parameters with non-hierarchical fit
Running with seed 92

Running with seed 111

Initializing parameters with non-hierarchical fit
Running with seed 111

Running with seed 10

Initializing parameters with non-hierarchical fit
Running with seed 10

Running with seed 27

Initializing parameters with non-hierarchical fit
Running with seed 27

Running with seed 33

Initializing parameters with non-hierarchical fit
Running with seed 33

Running with seed 92

Initializing parameters with non-hierarchical fit
Running with seed 92

Running with seed 111

Initializing parameters with non-hierarchical fit
Running with seed 111

Running with seed 10

Initializing parameters with non-hierarchical fit
Running with seed 10

Running with seed 27

Initializing parameters with non-hierarchical fit
Running with seed 27

Running with seed 33

Initializing parameters with non-hierarchical fit
Running with seed 33

Running with seed 92

Initializing parameters with non-hierarchical fit
Running with seed 92

Running with seed 111

Initializing parameters with non-hierarchical fit
Running with seed 111

Running with seed 10

Initializing parameters with non-hierarchical fit
Running with seed 10

Running with seed 27

Initializing parameters with non-hierarchical fit
Running with seed 27

Running with seed 33

Initializing parameters with non-hierarchical fit
Running with seed 33

Running with seed 92

Initializing parameters with non-hierarchical fit
Running with seed 92

Running with seed 111

Initializing parameters with non-hierarchical fit
Running with seed 111

Running with seed 10

Initializing parameters with non-hierarchical fit
Running with seed 10

Running with seed 27

Initializing parameters with non-hierarchical fit
Running with seed 27

Running with seed 33

Initializing parameters with non-hierarchical fit
Running with seed 33

Running with seed 92

Initializing parameters with non-hierarchical fit
Running with seed 92

Running with seed 111

Initializing parameters with non-hierarchical fit
Running with seed 111

Running with seed 10

Running with seed 27

Running with seed 33

Running with seed 92

Running with seed 111

Running with seed 10

Running with seed 27

Running with seed 33

Running with seed 92

Running with seed 111

Running with seed 10

Running with seed 27

Running with seed 33

Running with seed 92

Running with seed 111

Running with seed 10

Running with seed 27

Running with seed 33

Running with seed 92

Running with seed 111

Running with seed 10

Running with seed 27

Running with seed 33

Running with seed 92

Running with seed 111

Running with seed 10

Running with seed 27

Running with seed 33

Running with seed 92

Running with seed 111

Running with seed 10

Running with seed 27

Running with seed 33

Running with seed 92

Running with seed 111

Running with seed 10

Running with seed 27

Running with seed 33

Running with seed 92

Running with seed 111

Running with seed 10

Running with seed 27

Running with seed 33

Running with seed 92

Running with seed 111

Running with seed 10

Running with seed 27

Running with seed 33

Running with seed 92

Running with seed 111

Running with seed 10

Running with seed 27

Running with seed 33

Running with seed 92

Running with seed 111

Running with seed 10

Running with seed 27

Running with seed 33

Running with seed 92

Running with seed 111

Running with seed 10

Running with seed 27

Running with seed 33

Running with seed 92

Running with seed 111

Running with seed 10

Running with seed 27

Running with seed 33

Running with seed 92

Running with seed 111

Running with seed 10

Running with seed 27

Running with seed 33

Running with seed 92

Running with seed 111

Running with seed 10

Initializing parameters with non-hierarchical fit
Running with seed 10

Running with seed 27

Initializing parameters with non-hierarchical fit
Running with seed 27

Running with seed 33

Initializing parameters with non-hierarchical fit
Running with seed 33

Running with seed 92

Initializing parameters with non-hierarchical fit
Running with seed 92

Running with seed 111

Initializing parameters with non-hierarchical fit
Running with seed 111

Running with seed 10

Initializing parameters with non-hierarchical fit
Running with seed 10

Running with seed 27

Initializing parameters with non-hierarchical fit
Running with seed 27

Running with seed 33

Initializing parameters with non-hierarchical fit
Running with seed 33

Running with seed 92

Initializing parameters with non-hierarchical fit
Running with seed 92

Running with seed 111

Initializing parameters with non-hierarchical fit
Running with seed 111

Running with seed 10

Initializing parameters with non-hierarchical fit
Running with seed 10

Running with seed 27

Initializing parameters with non-hierarchical fit
Running with seed 27

Running with seed 33

Initializing parameters with non-hierarchical fit
Running with seed 33

Running with seed 92

Initializing parameters with non-hierarchical fit
Running with seed 92

Running with seed 111

Initializing parameters with non-hierarchical fit
Running with seed 111

Running with seed 10

Initializing parameters with non-hierarchical fit
Running with seed 10

Running with seed 27

Initializing parameters with non-hierarchical fit
Running with seed 27

Running with seed 33

Initializing parameters with non-hierarchical fit
Running with seed 33

Running with seed 92

Initializing parameters with non-hierarchical fit
Running with seed 92

Running with seed 111

Initializing parameters with non-hierarchical fit
Running with seed 111

Running with seed 10

Initializing parameters with non-hierarchical fit
Running with seed 10

Running with seed 27

Initializing parameters with non-hierarchical fit
Running with seed 27

Running with seed 33

Initializing parameters with non-hierarchical fit
Running with seed 33

Running with seed 92

Initializing parameters with non-hierarchical fit
Running with seed 92

Running with seed 111

Initializing parameters with non-hierarchical fit
Running with seed 111

Running with seed 10

Initializing parameters with non-hierarchical fit
Running with seed 10

Running with seed 27

Initializing parameters with non-hierarchical fit
Running with seed 27

Running with seed 33

Initializing parameters with non-hierarchical fit
Running with seed 33

Running with seed 92

Initializing parameters with non-hierarchical fit
Running with seed 92

Running with seed 111

Initializing parameters with non-hierarchical fit
Running with seed 111

Running with seed 10

Initializing parameters with non-hierarchical fit
Running with seed 10

Running with seed 27

Initializing parameters with non-hierarchical fit
Running with seed 27

Running with seed 33

Initializing parameters with non-hierarchical fit
Running with seed 33

Running with seed 92

Initializing parameters with non-hierarchical fit
Running with seed 92

Running with seed 111

Initializing parameters with non-hierarchical fit
Running with seed 111

Running with seed 10

Initializing parameters with non-hierarchical fit
Running with seed 10

Running with seed 27

Initializing parameters with non-hierarchical fit
Running with seed 27

Running with seed 33

Initializing parameters with non-hierarchical fit
Running with seed 33

Running with seed 92

Initializing parameters with non-hierarchical fit
Running with seed 92

Running with seed 111

Initializing parameters with non-hierarchical fit
Running with seed 111

Running with seed 10

Initializing parameters with non-hierarchical fit
Running with seed 10

Running with seed 27

Initializing parameters with non-hierarchical fit
Running with seed 27

Running with seed 33

Initializing parameters with non-hierarchical fit
Running with seed 33

Running with seed 92

Initializing parameters with non-hierarchical fit
Running with seed 92

Running with seed 111

Initializing parameters with non-hierarchical fit
Running with seed 111

Running with seed 10

Initializing parameters with non-hierarchical fit
Running with seed 10

Running with seed 27

Initializing parameters with non-hierarchical fit
Running with seed 27

Running with seed 33

Initializing parameters with non-hierarchical fit
Running with seed 33

Running with seed 92

Initializing parameters with non-hierarchical fit
Running with seed 92

Running with seed 111

Initializing parameters with non-hierarchical fit
Running with seed 111

Running with seed 10

Initializing parameters with non-hierarchical fit
Running with seed 10

Running with seed 27

Initializing parameters with non-hierarchical fit
Running with seed 27

Running with seed 33

Initializing parameters with non-hierarchical fit
Running with seed 33

Running with seed 92

Initializing parameters with non-hierarchical fit
Running with seed 92

Running with seed 111

Initializing parameters with non-hierarchical fit
Running with seed 111

Running with seed 10

Initializing parameters with non-hierarchical fit
Running with seed 10

Running with seed 27

Initializing parameters with non-hierarchical fit
Running with seed 27

Running with seed 33

Initializing parameters with non-hierarchical fit
Running with seed 33

Running with seed 92

Initializing parameters with non-hierarchical fit
Running with seed 92

Running with seed 111

Initializing parameters with non-hierarchical fit
Running with seed 111

Running with seed 10

Initializing parameters with non-hierarchical fit
Running with seed 10

Running with seed 27

Initializing parameters with non-hierarchical fit
Running with seed 27

Running with seed 33

Initializing parameters with non-hierarchical fit
Running with seed 33

Running with seed 92

Initializing parameters with non-hierarchical fit
Running with seed 92

Running with seed 111

Initializing parameters with non-hierarchical fit
Running with seed 111

Running with seed 10

Initializing parameters with non-hierarchical fit
Running with seed 10

Running with seed 27

Initializing parameters with non-hierarchical fit
Running with seed 27

Running with seed 33

Initializing parameters with non-hierarchical fit
Running with seed 33

Running with seed 92

Initializing parameters with non-hierarchical fit
Running with seed 92

Running with seed 111

Initializing parameters with non-hierarchical fit
Running with seed 111

Running with seed 10

Initializing parameters with non-hierarchical fit
Running with seed 10

Running with seed 27

Initializing parameters with non-hierarchical fit
Running with seed 27

Running with seed 33

Initializing parameters with non-hierarchical fit
Running with seed 33

Running with seed 92

Initializing parameters with non-hierarchical fit
Running with seed 92

Running with seed 111

Initializing parameters with non-hierarchical fit
Running with seed 111

Running with seed 10

Running with seed 27

Running with seed 33

Running with seed 92

Running with seed 111

Running with seed 10

Running with seed 27

Running with seed 33

Running with seed 92

Running with seed 111

Running with seed 10

Running with seed 27

Running with seed 33

Running with seed 92

Running with seed 111

Running with seed 10

Running with seed 27

Running with seed 33

Running with seed 92

Running with seed 111

Running with seed 10

Running with seed 27

Running with seed 33

Running with seed 92

Running with seed 111

Running with seed 10

Running with seed 27

Running with seed 33

Running with seed 92

Running with seed 111

Running with seed 10

Running with seed 27

Running with seed 33

Running with seed 92

Running with seed 111

Running with seed 10

Running with seed 27

Running with seed 33

Running with seed 92

Running with seed 111

Running with seed 10

Running with seed 27

Running with seed 33

Running with seed 92

Running with seed 111

Running with seed 10

Running with seed 27

Running with seed 33

Running with seed 92

Running with seed 111

Running with seed 10

Running with seed 27

Running with seed 33

Running with seed 92

Running with seed 111

Running with seed 10

Running with seed 27

Running with seed 33

Running with seed 92

Running with seed 111

Running with seed 10

Running with seed 27

Running with seed 33

Running with seed 92

Running with seed 111

Running with seed 10

Running with seed 27

Running with seed 33

Running with seed 92

Running with seed 111

Running with seed 10

Running with seed 27

Running with seed 33

Running with seed 92

Running with seed 111

Running with seed 10

Initializing parameters with non-hierarchical fit
Running with seed 10

Running with seed 27

Initializing parameters with non-hierarchical fit
Running with seed 27

Running with seed 33

Initializing parameters with non-hierarchical fit
Running with seed 33

Running with seed 92

Initializing parameters with non-hierarchical fit
Running with seed 92

Running with seed 111

Initializing parameters with non-hierarchical fit
Running with seed 111

Running with seed 10

Initializing parameters with non-hierarchical fit
Running with seed 10

Running with seed 27

Initializing parameters with non-hierarchical fit
Running with seed 27

Running with seed 33

Initializing parameters with non-hierarchical fit
Running with seed 33

Running with seed 92

Initializing parameters with non-hierarchical fit
Running with seed 92

Running with seed 111

Initializing parameters with non-hierarchical fit
Running with seed 111

Running with seed 10

Initializing parameters with non-hierarchical fit
Running with seed 10

Running with seed 27

Initializing parameters with non-hierarchical fit
Running with seed 27

Running with seed 33

Initializing parameters with non-hierarchical fit
Running with seed 33

Running with seed 92

Initializing parameters with non-hierarchical fit
Running with seed 92

Running with seed 111

Initializing parameters with non-hierarchical fit
Running with seed 111

Running with seed 10

Initializing parameters with non-hierarchical fit
Running with seed 10

Running with seed 27

Initializing parameters with non-hierarchical fit
Running with seed 27

Running with seed 33

Initializing parameters with non-hierarchical fit
Running with seed 33

Running with seed 92

Initializing parameters with non-hierarchical fit
Running with seed 92

Running with seed 111

Initializing parameters with non-hierarchical fit
Running with seed 111

Running with seed 10

Initializing parameters with non-hierarchical fit
Running with seed 10

Running with seed 27

Initializing parameters with non-hierarchical fit
Running with seed 27

Running with seed 33

Initializing parameters with non-hierarchical fit
Running with seed 33

Running with seed 92

Initializing parameters with non-hierarchical fit
Running with seed 92

Running with seed 111

Initializing parameters with non-hierarchical fit
Running with seed 111

Running with seed 10

Initializing parameters with non-hierarchical fit
Running with seed 10

Running with seed 27

Initializing parameters with non-hierarchical fit
Running with seed 27

Running with seed 33

Initializing parameters with non-hierarchical fit
Running with seed 33

Running with seed 92

Initializing parameters with non-hierarchical fit
Running with seed 92

Running with seed 111

Initializing parameters with non-hierarchical fit
Running with seed 111

Running with seed 10

Initializing parameters with non-hierarchical fit
Running with seed 10

Running with seed 27

Initializing parameters with non-hierarchical fit
Running with seed 27

Running with seed 33

Initializing parameters with non-hierarchical fit
Running with seed 33

Running with seed 92

Initializing parameters with non-hierarchical fit
Running with seed 92

Running with seed 111

Initializing parameters with non-hierarchical fit
Running with seed 111

Running with seed 10

Initializing parameters with non-hierarchical fit
Running with seed 10

Running with seed 27

Initializing parameters with non-hierarchical fit
Running with seed 27

Running with seed 33

Initializing parameters with non-hierarchical fit
Running with seed 33

Running with seed 92

Initializing parameters with non-hierarchical fit
Running with seed 92

Running with seed 111

Initializing parameters with non-hierarchical fit
Running with seed 111

Running with seed 10

Initializing parameters with non-hierarchical fit
Running with seed 10

Running with seed 27

Initializing parameters with non-hierarchical fit
Running with seed 27

Running with seed 33

Initializing parameters with non-hierarchical fit
Running with seed 33

Running with seed 92

Initializing parameters with non-hierarchical fit
Running with seed 92

Running with seed 111

Initializing parameters with non-hierarchical fit
Running with seed 111

Running with seed 10

Initializing parameters with non-hierarchical fit
Running with seed 10

Running with seed 27

Initializing parameters with non-hierarchical fit
Running with seed 27

Running with seed 33

Initializing parameters with non-hierarchical fit
Running with seed 33

Running with seed 92

Initializing parameters with non-hierarchical fit
Running with seed 92

Running with seed 111

Initializing parameters with non-hierarchical fit
Running with seed 111

Running with seed 10

Initializing parameters with non-hierarchical fit
Running with seed 10

Running with seed 27

Initializing parameters with non-hierarchical fit
Running with seed 27

Running with seed 33

Initializing parameters with non-hierarchical fit
Running with seed 33

Running with seed 92

Initializing parameters with non-hierarchical fit
Running with seed 92

Running with seed 111

Initializing parameters with non-hierarchical fit
Running with seed 111

Running with seed 10

Initializing parameters with non-hierarchical fit
Running with seed 10

Running with seed 27

Initializing parameters with non-hierarchical fit
Running with seed 27

Running with seed 33

Initializing parameters with non-hierarchical fit
Running with seed 33

Running with seed 92

Initializing parameters with non-hierarchical fit
Running with seed 92

Running with seed 111

Initializing parameters with non-hierarchical fit
Running with seed 111

Running with seed 10

Initializing parameters with non-hierarchical fit
Running with seed 10

Running with seed 27

Initializing parameters with non-hierarchical fit
Running with seed 27

Running with seed 33

Initializing parameters with non-hierarchical fit
Running with seed 33

Running with seed 92

Initializing parameters with non-hierarchical fit
Running with seed 92

Running with seed 111

Initializing parameters with non-hierarchical fit
Running with seed 111

Running with seed 10

Initializing parameters with non-hierarchical fit
Running with seed 10

Running with seed 27

Initializing parameters with non-hierarchical fit
Running with seed 27

Running with seed 33

Initializing parameters with non-hierarchical fit
Running with seed 33

Running with seed 92

Initializing parameters with non-hierarchical fit
Running with seed 92

Running with seed 111

Initializing parameters with non-hierarchical fit
Running with seed 111

Running with seed 10

Initializing parameters with non-hierarchical fit
Running with seed 10

Running with seed 27

Initializing parameters with non-hierarchical fit
Running with seed 27

Running with seed 33

Initializing parameters with non-hierarchical fit
Running with seed 33

Running with seed 92

Initializing parameters with non-hierarchical fit
Running with seed 92

Running with seed 111

Initializing parameters with non-hierarchical fit
Running with seed 111

Running with seed 10

Running with seed 27

Running with seed 33

Running with seed 92

Running with seed 111

Running with seed 10

Running with seed 27

Running with seed 33

Running with seed 92

Running with seed 111

Running with seed 10

Running with seed 27

Running with seed 33

Running with seed 92

Running with seed 111

Running with seed 10

Running with seed 27

Running with seed 33

Running with seed 92

Running with seed 111

Running with seed 10

Running with seed 27

Running with seed 33

Running with seed 92

Running with seed 111

Running with seed 10

Running with seed 27

Running with seed 33

Running with seed 92

Running with seed 111

Running with seed 10

Running with seed 27

Running with seed 33

Running with seed 92

Running with seed 111

Running with seed 10

Running with seed 27

Running with seed 33

Running with seed 92

Running with seed 111

Running with seed 10

Running with seed 27

Running with seed 33

Running with seed 92

Running with seed 111

Running with seed 10

Running with seed 27

Running with seed 33

Running with seed 92

Running with seed 111

Running with seed 10

Running with seed 27

Running with seed 33

Running with seed 92

Running with seed 111

Running with seed 10

Running with seed 27

Running with seed 33

Running with seed 92

Running with seed 111

Running with seed 10

Running with seed 27

Running with seed 33

Running with seed 92

Running with seed 111

Running with seed 10

Running with seed 27

Running with seed 33

Running with seed 92

Running with seed 111

Running with seed 10

Running with seed 27

Running with seed 33

Running with seed 92

Running with seed 111

Running with seed 10

Initializing parameters with non-hierarchical fit
Running with seed 10

Running with seed 27

Initializing parameters with non-hierarchical fit
Running with seed 27

Running with seed 33

Initializing parameters with non-hierarchical fit
Running with seed 33

Running with seed 92

Initializing parameters with non-hierarchical fit
Running with seed 92

Running with seed 111

Initializing parameters with non-hierarchical fit
Running with seed 111

Running with seed 10

Initializing parameters with non-hierarchical fit
Running with seed 10

Running with seed 27

Initializing parameters with non-hierarchical fit
Running with seed 27

Running with seed 33

Initializing parameters with non-hierarchical fit
Running with seed 33

Running with seed 92

Initializing parameters with non-hierarchical fit
Running with seed 92

Running with seed 111

Initializing parameters with non-hierarchical fit
Running with seed 111

Running with seed 10

Initializing parameters with non-hierarchical fit
Running with seed 10

Running with seed 27

Initializing parameters with non-hierarchical fit
Running with seed 27

Running with seed 33

Initializing parameters with non-hierarchical fit
Running with seed 33

Running with seed 92

Initializing parameters with non-hierarchical fit
Running with seed 92

Running with seed 111

Initializing parameters with non-hierarchical fit
Running with seed 111

Running with seed 10

Initializing parameters with non-hierarchical fit
Running with seed 10

Running with seed 27

Initializing parameters with non-hierarchical fit
Running with seed 27

Running with seed 33

Initializing parameters with non-hierarchical fit
Running with seed 33

Running with seed 92

Initializing parameters with non-hierarchical fit
Running with seed 92

Running with seed 111

Initializing parameters with non-hierarchical fit
Running with seed 111

Running with seed 10

Initializing parameters with non-hierarchical fit
Running with seed 10

Running with seed 27

Initializing parameters with non-hierarchical fit
Running with seed 27

Running with seed 33

Initializing parameters with non-hierarchical fit
Running with seed 33

Running with seed 92

Initializing parameters with non-hierarchical fit
Running with seed 92

Running with seed 111

Initializing parameters with non-hierarchical fit
Running with seed 111

Running with seed 10

Initializing parameters with non-hierarchical fit
Running with seed 10

Running with seed 27

Initializing parameters with non-hierarchical fit
Running with seed 27

Running with seed 33

Initializing parameters with non-hierarchical fit
Running with seed 33

Running with seed 92

Initializing parameters with non-hierarchical fit
Running with seed 92

Running with seed 111

Initializing parameters with non-hierarchical fit
Running with seed 111

Running with seed 10

Initializing parameters with non-hierarchical fit
Running with seed 10

Running with seed 27

Initializing parameters with non-hierarchical fit
Running with seed 27

Running with seed 33

Initializing parameters with non-hierarchical fit
Running with seed 33

Running with seed 92

Initializing parameters with non-hierarchical fit
Running with seed 92

Running with seed 111

Initializing parameters with non-hierarchical fit
Running with seed 111

Running with seed 10

Initializing parameters with non-hierarchical fit
Running with seed 10

Running with seed 27

Initializing parameters with non-hierarchical fit
Running with seed 27

Running with seed 33

Initializing parameters with non-hierarchical fit
Running with seed 33

Running with seed 92

Initializing parameters with non-hierarchical fit
Running with seed 92

Running with seed 111

Initializing parameters with non-hierarchical fit
Running with seed 111

Running with seed 10

Initializing parameters with non-hierarchical fit
Running with seed 10

Running with seed 27

Initializing parameters with non-hierarchical fit
Running with seed 27

Running with seed 33

Initializing parameters with non-hierarchical fit
Running with seed 33

Running with seed 92

Initializing parameters with non-hierarchical fit
Running with seed 92

Running with seed 111

Initializing parameters with non-hierarchical fit
Running with seed 111

Running with seed 10

Initializing parameters with non-hierarchical fit
Running with seed 10

Running with seed 27

Initializing parameters with non-hierarchical fit
Running with seed 27

Running with seed 33

Initializing parameters with non-hierarchical fit
Running with seed 33

Running with seed 92

Initializing parameters with non-hierarchical fit
Running with seed 92

Running with seed 111

Initializing parameters with non-hierarchical fit
Running with seed 111

Running with seed 10

Initializing parameters with non-hierarchical fit
Running with seed 10

Running with seed 27

Initializing parameters with non-hierarchical fit
Running with seed 27

Running with seed 33

Initializing parameters with non-hierarchical fit
Running with seed 33

Running with seed 92

Initializing parameters with non-hierarchical fit
Running with seed 92

Running with seed 111

Initializing parameters with non-hierarchical fit
Running with seed 111

Running with seed 10

Initializing parameters with non-hierarchical fit
Running with seed 10

Running with seed 27

Initializing parameters with non-hierarchical fit
Running with seed 27

Running with seed 33

Initializing parameters with non-hierarchical fit
Running with seed 33

Running with seed 92

Initializing parameters with non-hierarchical fit
Running with seed 92

Running with seed 111

Initializing parameters with non-hierarchical fit
Running with seed 111

Running with seed 10

Initializing parameters with non-hierarchical fit
Running with seed 10

Running with seed 27

Initializing parameters with non-hierarchical fit
Running with seed 27

Running with seed 33

Initializing parameters with non-hierarchical fit
Running with seed 33

Running with seed 92

Initializing parameters with non-hierarchical fit
Running with seed 92

Running with seed 111

Initializing parameters with non-hierarchical fit
Running with seed 111

Running with seed 10

Initializing parameters with non-hierarchical fit
Running with seed 10

Running with seed 27

Initializing parameters with non-hierarchical fit
Running with seed 27

Running with seed 33

Initializing parameters with non-hierarchical fit
Running with seed 33

Running with seed 92

Initializing parameters with non-hierarchical fit
Running with seed 92

Running with seed 111

Initializing parameters with non-hierarchical fit
Running with seed 111

Running with seed 10

Initializing parameters with non-hierarchical fit
Running with seed 10

Running with seed 27

Initializing parameters with non-hierarchical fit
Running with seed 27

Running with seed 33

Initializing parameters with non-hierarchical fit
Running with seed 33

Running with seed 92

Initializing parameters with non-hierarchical fit
Running with seed 92

Running with seed 111

Initializing parameters with non-hierarchical fit
Running with seed 111

Running with seed 10

Running with seed 27

Running with seed 33

Running with seed 92

Running with seed 111

Running with seed 10

Running with seed 27

Running with seed 33

Running with seed 92

Running with seed 111

Running with seed 10

Running with seed 27

Running with seed 33

Running with seed 92

Running with seed 111

Running with seed 10

Running with seed 27

Running with seed 33

Running with seed 92

Running with seed 111

Running with seed 10

Running with seed 27

Running with seed 33

Running with seed 92

Running with seed 111

Running with seed 10

Running with seed 27

Running with seed 33

Running with seed 92

Running with seed 111

Running with seed 10

Running with seed 27

Running with seed 33

Running with seed 92

Running with seed 111

Running with seed 10

Running with seed 27

Running with seed 33

Running with seed 92

Running with seed 111

Running with seed 10

Running with seed 27

Running with seed 33

Running with seed 92

Running with seed 111

Running with seed 10

Running with seed 27

Running with seed 33

Running with seed 92

Running with seed 111

Running with seed 10

Running with seed 27

Running with seed 33

Running with seed 92

Running with seed 111

Running with seed 10

Running with seed 27

Running with seed 33

Running with seed 92

Running with seed 111

Running with seed 10

Running with seed 27

Running with seed 33

Running with seed 92

Running with seed 111

Running with seed 10

Running with seed 27

Running with seed 33

Running with seed 92

Running with seed 111

Running with seed 10

Running with seed 27

Running with seed 33

Running with seed 92

Running with seed 111

Running with seed 10

Initializing parameters with non-hierarchical fit
Running with seed 10

Running with seed 27

Initializing parameters with non-hierarchical fit
Running with seed 27

Running with seed 33

Initializing parameters with non-hierarchical fit
Running with seed 33

Running with seed 92

Initializing parameters with non-hierarchical fit
Running with seed 92

Running with seed 111

Initializing parameters with non-hierarchical fit
Running with seed 111

Running with seed 10

Initializing parameters with non-hierarchical fit
Running with seed 10

Running with seed 27

Initializing parameters with non-hierarchical fit
Running with seed 27

Running with seed 33

Initializing parameters with non-hierarchical fit
Running with seed 33

Running with seed 92

Initializing parameters with non-hierarchical fit
Running with seed 92

Running with seed 111

Initializing parameters with non-hierarchical fit
Running with seed 111

Running with seed 10

Initializing parameters with non-hierarchical fit
Running with seed 10

Running with seed 27

Initializing parameters with non-hierarchical fit
Running with seed 27

Running with seed 33

Initializing parameters with non-hierarchical fit
Running with seed 33

Running with seed 92

Initializing parameters with non-hierarchical fit
Running with seed 92

Running with seed 111

Initializing parameters with non-hierarchical fit
Running with seed 111

Running with seed 10

Initializing parameters with non-hierarchical fit
Running with seed 10

Running with seed 27

Initializing parameters with non-hierarchical fit
Running with seed 27

Running with seed 33

Initializing parameters with non-hierarchical fit
Running with seed 33

Running with seed 92

Initializing parameters with non-hierarchical fit
Running with seed 92

Running with seed 111

Initializing parameters with non-hierarchical fit
Running with seed 111

Running with seed 10

Initializing parameters with non-hierarchical fit
Running with seed 10

Running with seed 27

Initializing parameters with non-hierarchical fit
Running with seed 27

Running with seed 33

Initializing parameters with non-hierarchical fit
Running with seed 33

Running with seed 92

Initializing parameters with non-hierarchical fit
Running with seed 92

Running with seed 111

Initializing parameters with non-hierarchical fit
Running with seed 111

Running with seed 10

Initializing parameters with non-hierarchical fit
Running with seed 10

Running with seed 27

Initializing parameters with non-hierarchical fit
Running with seed 27

Running with seed 33

Initializing parameters with non-hierarchical fit
Running with seed 33

Running with seed 92

Initializing parameters with non-hierarchical fit
Running with seed 92

Running with seed 111

Initializing parameters with non-hierarchical fit
Running with seed 111

Running with seed 10

Initializing parameters with non-hierarchical fit
Running with seed 10

Running with seed 27

Initializing parameters with non-hierarchical fit
Running with seed 27

Running with seed 33

Initializing parameters with non-hierarchical fit
Running with seed 33

Running with seed 92

Initializing parameters with non-hierarchical fit
Running with seed 92

Running with seed 111

Initializing parameters with non-hierarchical fit
Running with seed 111

Running with seed 10

Initializing parameters with non-hierarchical fit
Running with seed 10

Running with seed 27

Initializing parameters with non-hierarchical fit
Running with seed 27

Running with seed 33

Initializing parameters with non-hierarchical fit
Running with seed 33

Running with seed 92

Initializing parameters with non-hierarchical fit
Running with seed 92

Running with seed 111

Initializing parameters with non-hierarchical fit
Running with seed 111

Running with seed 10

Initializing parameters with non-hierarchical fit
Running with seed 10

Running with seed 27

Initializing parameters with non-hierarchical fit
Running with seed 27

Running with seed 33

Initializing parameters with non-hierarchical fit
Running with seed 33

Running with seed 92

Initializing parameters with non-hierarchical fit
Running with seed 92

Running with seed 111

Initializing parameters with non-hierarchical fit
Running with seed 111

Running with seed 10

Initializing parameters with non-hierarchical fit
Running with seed 10

Running with seed 27

Initializing parameters with non-hierarchical fit
Running with seed 27

Running with seed 33

Initializing parameters with non-hierarchical fit
Running with seed 33

Running with seed 92

Initializing parameters with non-hierarchical fit
Running with seed 92

Running with seed 111

Initializing parameters with non-hierarchical fit
Running with seed 111

Running with seed 10

Initializing parameters with non-hierarchical fit
Running with seed 10

Running with seed 27

Initializing parameters with non-hierarchical fit
Running with seed 27

Running with seed 33

Initializing parameters with non-hierarchical fit
Running with seed 33

Running with seed 92

Initializing parameters with non-hierarchical fit
Running with seed 92

Running with seed 111

Initializing parameters with non-hierarchical fit
Running with seed 111

Running with seed 10

Initializing parameters with non-hierarchical fit
Running with seed 10

Running with seed 27

Initializing parameters with non-hierarchical fit
Running with seed 27

Running with seed 33

Initializing parameters with non-hierarchical fit
Running with seed 33

Running with seed 92

Initializing parameters with non-hierarchical fit
Running with seed 92

Running with seed 111

Initializing parameters with non-hierarchical fit
Running with seed 111

Running with seed 10

Initializing parameters with non-hierarchical fit
Running with seed 10

Running with seed 27

Initializing parameters with non-hierarchical fit
Running with seed 27

Running with seed 33

Initializing parameters with non-hierarchical fit
Running with seed 33

Running with seed 92

Initializing parameters with non-hierarchical fit
Running with seed 92

Running with seed 111

Initializing parameters with non-hierarchical fit
Running with seed 111

Running with seed 10

Initializing parameters with non-hierarchical fit
Running with seed 10

Running with seed 27

Initializing parameters with non-hierarchical fit
Running with seed 27

Running with seed 33

Initializing parameters with non-hierarchical fit
Running with seed 33

Running with seed 92

Initializing parameters with non-hierarchical fit
Running with seed 92

Running with seed 111

Initializing parameters with non-hierarchical fit
Running with seed 111

Running with seed 10

Initializing parameters with non-hierarchical fit
Running with seed 10

Running with seed 27

Initializing parameters with non-hierarchical fit
Running with seed 27

Running with seed 33

Initializing parameters with non-hierarchical fit
Running with seed 33

Running with seed 92

Initializing parameters with non-hierarchical fit
Running with seed 92

Running with seed 111

Initializing parameters with non-hierarchical fit
Running with seed 111

slurmstepd: error: _cgroup_procs_check: failed on path /sys/fs/cgroup/memory/slurm/uid_6710/job_2870887/step_batch/cgroup.procs: No such file or directory
slurmstepd: error: unable to read '/sys/fs/cgroup/memory/slurm/uid_6710/job_2870887/step_batch/cgroup.procs'
