INFO: localdir at /localscratch/3370578.elena.buscaroli
INFO: your job will run on local system.
----------------------------
 JOB ID: 3370569
 CURRENT TASK ID: 3370578
 CURRENT TASK NUMBER: 0
----------------------------
 MIN TASK ID: 0
 MAX TASK ID: 5
 TOTAL NUMBER OF TASKS: 6
----------------------------

CommandNotFoundError: Your shell has not been properly configured to use 'conda activate'.
To initialize your shell, run

    $ conda init <SHELL_NAME>

Currently supported shells are:
  - bash
  - fish
  - tcsh
  - xonsh
  - zsh
  - powershell

See 'conda init --help' for more information and options.

IMPORTANT: You may need to close and restart your shell after running 'conda init'.


Arguments: 0, nonparametric, nonsparsity, clust, 0208 
i = 0 new_hier = FALSE regularizer = noreg enforce_sparsity= FALSE inference_type = clust nonparametric = TRUE 

Saving in directory: ~/GitHub/simbasilica/nobuild/simulations/fits_dn.clust.nonparametric.nonsparsity.noreg.old_hier.0208/

ℹ Loading packages
ℹ Loading basilica
✔ Loading basilica. Support : <https://caravagnalab.github.io/basilica/>
ℹ Loading packages! The 'basilica-env' environment is already loaded!
ℹ Loading packagesℹ Loading the `basilica-env` environment.
✔ Loading the `basilica-env` environment. ... done

ℹ Loading packagesℹ Installing the `pybasilica` package from PyPI.
Requirement already satisfied: pybasilica in /home/elena.buscaroli/miniconda3/envs/basilica-env/lib/python3.9/site-packages (0.1.5)
Requirement already satisfied: pandas>=1.4.2 in /home/elena.buscaroli/miniconda3/envs/basilica-env/lib/python3.9/site-packages (from pybasilica) (2.0.2)
Requirement already satisfied: pyro-api>=0.1.2 in /home/elena.buscaroli/miniconda3/envs/basilica-env/lib/python3.9/site-packages (from pybasilica) (0.1.2)
Requirement already satisfied: pyro-ppl>=1.8.0 in /home/elena.buscaroli/miniconda3/envs/basilica-env/lib/python3.9/site-packages (from pybasilica) (1.8.0)
Requirement already satisfied: numpy>=1.21.5 in /home/elena.buscaroli/miniconda3/envs/basilica-env/lib/python3.9/site-packages (from pybasilica) (1.24.3)
Requirement already satisfied: torch==1.10.2 in /home/elena.buscaroli/miniconda3/envs/basilica-env/lib/python3.9/site-packages (from pybasilica) (1.10.2)
Requirement already satisfied: tqdm in /home/elena.buscaroli/miniconda3/envs/basilica-env/lib/python3.9/site-packages (from pybasilica) (4.65.0)
Requirement already satisfied: rich in /home/elena.buscaroli/miniconda3/envs/basilica-env/lib/python3.9/site-packages (from pybasilica) (13.4.2)
Requirement already satisfied: statsmodels in /home/elena.buscaroli/miniconda3/envs/basilica-env/lib/python3.9/site-packages (from pybasilica) (0.14.0)
Requirement already satisfied: uniplot in /home/elena.buscaroli/miniconda3/envs/basilica-env/lib/python3.9/site-packages (from pybasilica) (0.10.0)
Requirement already satisfied: typing-extensions in /home/elena.buscaroli/miniconda3/envs/basilica-env/lib/python3.9/site-packages (from torch==1.10.2->pybasilica) (4.6.3)
Requirement already satisfied: python-dateutil>=2.8.2 in /home/elena.buscaroli/miniconda3/envs/basilica-env/lib/python3.9/site-packages (from pandas>=1.4.2->pybasilica) (2.8.2)
Requirement already satisfied: pytz>=2020.1 in /home/elena.buscaroli/miniconda3/envs/basilica-env/lib/python3.9/site-packages (from pandas>=1.4.2->pybasilica) (2023.3)
Requirement already satisfied: tzdata>=2022.1 in /home/elena.buscaroli/miniconda3/envs/basilica-env/lib/python3.9/site-packages (from pandas>=1.4.2->pybasilica) (2023.3)
Requirement already satisfied: opt-einsum>=2.3.2 in /home/elena.buscaroli/miniconda3/envs/basilica-env/lib/python3.9/site-packages (from pyro-ppl>=1.8.0->pybasilica) (3.3.0)
Requirement already satisfied: markdown-it-py>=2.2.0 in /home/elena.buscaroli/miniconda3/envs/basilica-env/lib/python3.9/site-packages (from rich->pybasilica) (3.0.0)
Requirement already satisfied: pygments<3.0.0,>=2.13.0 in /home/elena.buscaroli/miniconda3/envs/basilica-env/lib/python3.9/site-packages (from rich->pybasilica) (2.15.1)
Requirement already satisfied: scipy!=1.9.2,>=1.4 in /home/elena.buscaroli/miniconda3/envs/basilica-env/lib/python3.9/site-packages (from statsmodels->pybasilica) (1.10.1)
Requirement already satisfied: patsy>=0.5.2 in /home/elena.buscaroli/miniconda3/envs/basilica-env/lib/python3.9/site-packages (from statsmodels->pybasilica) (0.5.3)
Requirement already satisfied: packaging>=21.3 in /home/elena.buscaroli/miniconda3/envs/basilica-env/lib/python3.9/site-packages (from statsmodels->pybasilica) (23.1)
Requirement already satisfied: mdurl~=0.1 in /home/elena.buscaroli/miniconda3/envs/basilica-env/lib/python3.9/site-packages (from markdown-it-py>=2.2.0->rich->pybasilica) (0.1.2)
Requirement already satisfied: six in /home/elena.buscaroli/miniconda3/envs/basilica-env/lib/python3.9/site-packages (from patsy>=0.5.2->statsmodels->pybasilica) (1.16.0)
✔ Installing the `pybasilica` package from PyPI. ... done

ℹ Loading packagesℹ Loading simbasilica
✔ Loading packages ... done

regularizer = noreg - reg_weight = 0 - inference_type = clust 
N150.G1.s1
N150.G1.s1
cluster_list = 1,2,3,4 
k_list = 0,1,2,3 
ℹ Running clustering fit
Using K_0.G_1.seed_4.icl, K_0.G_1.seed_17.icl, K_0.G_1.seed_22.icl as id variables
Using K_0.G_1.seed_4.icl, K_0.G_1.seed_17.icl, K_0.G_1.seed_22.icl as id variables
Running model with 0 signatures, None groups and 4 seed

N parameters 14700
N parameters 14700
Running model with 0 signatures, None groups and 17 seed

N parameters 14700
N parameters 14700
Running model with 0 signatures, None groups and 22 seed

N parameters 14700
N parameters 14700
Running model with 0 signatures, 4 groups and 4 seed

N parameters 303
N parameters 303
Running model with 0 signatures, 4 groups and 17 seed

N parameters 303
N parameters 303
Running model with 0 signatures, 4 groups and 22 seed

N parameters 303
N parameters 303
Running model with 1 signatures, 4 groups and 4 seed

N parameters 550
N parameters 550
Running model with 1 signatures, 4 groups and 17 seed

N parameters 550
N parameters 550
Running model with 1 signatures, 4 groups and 22 seed

N parameters 550
N parameters 550
Running model with 2 signatures, 4 groups and 4 seed

N parameters 797
N parameters 797
Running model with 2 signatures, 4 groups and 17 seed

N parameters 797
N parameters 797
Running model with 2 signatures, 4 groups and 22 seed

N parameters 797
N parameters 797
Running model with 3 signatures, 4 groups and 4 seed

N parameters 1044
N parameters 1044
Running model with 3 signatures, 4 groups and 17 seed

N parameters 1044
N parameters 1044
Running model with 3 signatures, 4 groups and 22 seed

N parameters 1044
N parameters 1044
No id variables; using all as measure variables
No id variables; using all as measure variables
✔ Running clustering fit ... done

Clustering run class: basilica_obj 
N150.G1.s2
N150.G1.s2
cluster_list = 1,2,3,4 
k_list = 0,1,2,3 
ℹ Running clustering fit
Using K_0.G_1.seed_4.icl, K_0.G_1.seed_17.icl, K_0.G_1.seed_22.icl as id variables
Using K_0.G_1.seed_4.icl, K_0.G_1.seed_17.icl, K_0.G_1.seed_22.icl as id variables
Running model with 0 signatures, None groups and 4 seed

N parameters 14700
N parameters 14700
Running model with 0 signatures, None groups and 17 seed

N parameters 14700
N parameters 14700
Running model with 0 signatures, None groups and 22 seed

N parameters 14700
N parameters 14700
Running model with 0 signatures, 4 groups and 4 seed

N parameters 303
N parameters 303
Running model with 0 signatures, 4 groups and 17 seed

N parameters 303
N parameters 303
Running model with 0 signatures, 4 groups and 22 seed

N parameters 303
N parameters 303
Running model with 1 signatures, 4 groups and 4 seed

N parameters 550
N parameters 550
Running model with 1 signatures, 4 groups and 17 seed

N parameters 550
N parameters 550
Running model with 1 signatures, 4 groups and 22 seed

N parameters 554
N parameters 554
Running model with 2 signatures, 4 groups and 4 seed

N parameters 797
N parameters 797
Running model with 2 signatures, 4 groups and 17 seed

N parameters 797
N parameters 797
Running model with 2 signatures, 4 groups and 22 seed

N parameters 797
N parameters 797
Running model with 3 signatures, 4 groups and 4 seed

N parameters 1050
N parameters 1050
Running model with 3 signatures, 4 groups and 17 seed

N parameters 1050
N parameters 1050
Running model with 3 signatures, 4 groups and 22 seed

N parameters 1044
N parameters 1044
No id variables; using all as measure variables
No id variables; using all as measure variables
✔ Running clustering fit ... done

Clustering run class: basilica_obj 
N150.G1.s3
N150.G1.s3
cluster_list = 1,2,3,4 
k_list = 0,1,2,3 
ℹ Running clustering fit
Using K_0.G_1.seed_4.icl, K_0.G_1.seed_17.icl, K_0.G_1.seed_22.icl as id variables
Using K_0.G_1.seed_4.icl, K_0.G_1.seed_17.icl, K_0.G_1.seed_22.icl as id variables
Running model with 0 signatures, None groups and 4 seed

N parameters 14700
N parameters 14700
Running model with 0 signatures, None groups and 17 seed

N parameters 14700
N parameters 14700
Running model with 0 signatures, None groups and 22 seed

N parameters 14700
N parameters 14700
Running model with 0 signatures, 4 groups and 4 seed

N parameters 303
N parameters 303
Running model with 0 signatures, 4 groups and 17 seed

N parameters 303
N parameters 303
Running model with 0 signatures, 4 groups and 22 seed

N parameters 303
N parameters 303
Running model with 1 signatures, 4 groups and 4 seed

N parameters 550
N parameters 550
Running model with 1 signatures, 4 groups and 17 seed

N parameters 550
N parameters 550
Running model with 1 signatures, 4 groups and 22 seed

N parameters 554
N parameters 554
Running model with 2 signatures, 4 groups and 4 seed

N parameters 797
N parameters 797
Running model with 2 signatures, 4 groups and 17 seed

N parameters 797
N parameters 797
Running model with 2 signatures, 4 groups and 22 seed

N parameters 797
N parameters 797
Running model with 3 signatures, 4 groups and 4 seed

N parameters 1044
N parameters 1044
Running model with 3 signatures, 4 groups and 17 seed

N parameters 1044
N parameters 1044
Running model with 3 signatures, 4 groups and 22 seed

N parameters 1044
N parameters 1044
No id variables; using all as measure variables
No id variables; using all as measure variables
✔ Running clustering fit ... done

Clustering run class: basilica_obj 
N150.G1.s4
N150.G1.s4
cluster_list = 1,2,3,4 
k_list = 0,1,2,3 
ℹ Running clustering fit
Using K_0.G_1.seed_4.icl, K_0.G_1.seed_17.icl, K_0.G_1.seed_22.icl as id variables
Using K_0.G_1.seed_4.icl, K_0.G_1.seed_17.icl, K_0.G_1.seed_22.icl as id variables
Running model with 0 signatures, None groups and 4 seed

N parameters 14700
N parameters 14700
Running model with 0 signatures, None groups and 17 seed

N parameters 14700
N parameters 14700
Running model with 0 signatures, None groups and 22 seed

N parameters 14700
N parameters 14700
Running model with 0 signatures, 4 groups and 4 seed

N parameters 303
N parameters 303
Running model with 0 signatures, 4 groups and 17 seed

N parameters 306
N parameters 306
Running model with 0 signatures, 4 groups and 22 seed

N parameters 303
N parameters 303
Running model with 1 signatures, 4 groups and 4 seed

N parameters 550
N parameters 550
Running model with 1 signatures, 4 groups and 17 seed

N parameters 550
N parameters 550
Running model with 1 signatures, 4 groups and 22 seed

N parameters 550
N parameters 550
Running model with 2 signatures, 4 groups and 4 seed

N parameters 797
N parameters 797
Running model with 2 signatures, 4 groups and 17 seed

N parameters 797
N parameters 797
Running model with 2 signatures, 4 groups and 22 seed

N parameters 797
N parameters 797
Running model with 3 signatures, 4 groups and 4 seed

N parameters 1044
N parameters 1044
Running model with 3 signatures, 4 groups and 17 seed

N parameters 1044
N parameters 1044
Running model with 3 signatures, 4 groups and 22 seed

N parameters 1044
N parameters 1044
No id variables; using all as measure variables
No id variables; using all as measure variables
✔ Running clustering fit ... done

Clustering run class: basilica_obj 
N150.G1.s5
N150.G1.s5
cluster_list = 1,2,3,4 
k_list = 0,1,2,3 
ℹ Running clustering fit
Using K_0.G_1.seed_4.icl, K_0.G_1.seed_17.icl, K_0.G_1.seed_22.icl as id variables
Using K_0.G_1.seed_4.icl, K_0.G_1.seed_17.icl, K_0.G_1.seed_22.icl as id variables
Running model with 0 signatures, None groups and 4 seed

N parameters 14700
N parameters 14700
Running model with 0 signatures, None groups and 17 seed

N parameters 14700
N parameters 14700
Running model with 0 signatures, None groups and 22 seed

N parameters 14700
N parameters 14700
Running model with 0 signatures, 4 groups and 4 seed

N parameters 303
N parameters 303
Running model with 0 signatures, 4 groups and 17 seed

N parameters 303
N parameters 303
Running model with 0 signatures, 4 groups and 22 seed

N parameters 303
N parameters 303
Running model with 1 signatures, 4 groups and 4 seed

N parameters 550
N parameters 550
Running model with 1 signatures, 4 groups and 17 seed

N parameters 550
N parameters 550
Running model with 1 signatures, 4 groups and 22 seed

N parameters 550
N parameters 550
Running model with 2 signatures, 4 groups and 4 seed

N parameters 797
N parameters 797
Running model with 2 signatures, 4 groups and 17 seed

N parameters 797
N parameters 797
Running model with 2 signatures, 4 groups and 22 seed

N parameters 797
N parameters 797
Running model with 3 signatures, 4 groups and 4 seed

N parameters 1050
N parameters 1050
Running model with 3 signatures, 4 groups and 17 seed

N parameters 1056
N parameters 1056
Running model with 3 signatures, 4 groups and 22 seed

N parameters 1044
N parameters 1044
No id variables; using all as measure variables
No id variables; using all as measure variables
✔ Running clustering fit ... done

Clustering run class: basilica_obj 
Warning message:
In dir.create(fits_path, recursive = T) :
  '/home/elena.buscaroli/GitHub/simbasilica/nobuild/simulations/fits_dn.clust.nonparametric.nonsparsity.noreg.old_hier.0208' already exists
slurmstepd: error: _cgroup_procs_check: failed on path /sys/fs/cgroup/memory/slurm/uid_6710/job_3370578/step_batch/cgroup.procs: No such file or directory
slurmstepd: error: unable to read '/sys/fs/cgroup/memory/slurm/uid_6710/job_3370578/step_batch/cgroup.procs'
