INFO: localdir at /localscratch/3370569.elena.buscaroli
INFO: your job will run on local system.
----------------------------
 JOB ID: 3370569
 CURRENT TASK ID: 3370569
 CURRENT TASK NUMBER: 5
----------------------------
 MIN TASK ID: 0
 MAX TASK ID: 5
 TOTAL NUMBER OF TASKS: 6
----------------------------

CommandNotFoundError: Your shell has not been properly configured to use 'conda activate'.
To initialize your shell, run

    $ conda init <SHELL_NAME>

Currently supported shells are:
  - bash
  - fish
  - tcsh
  - xonsh
  - zsh
  - powershell

See 'conda init --help' for more information and options.

IMPORTANT: You may need to close and restart your shell after running 'conda init'.


Arguments: 5, nonparametric, nonsparsity, clust, 0208 
i = 5 new_hier = FALSE regularizer = noreg enforce_sparsity= FALSE inference_type = clust nonparametric = TRUE 

Saving in directory: ~/GitHub/simbasilica/nobuild/simulations/fits_dn.clust.nonparametric.nonsparsity.noreg.old_hier.0208/

ℹ Loading packages
ℹ Loading basilica
✔ Loading basilica. Support : <https://caravagnalab.github.io/basilica/>
ℹ Loading packages! The 'basilica-env' environment is already loaded!
ℹ Loading packagesℹ Loading the `basilica-env` environment.
✔ Loading the `basilica-env` environment. ... done

ℹ Loading packagesℹ Installing the `pybasilica` package from PyPI.
Requirement already satisfied: pybasilica in /home/elena.buscaroli/miniconda3/envs/basilica-env/lib/python3.9/site-packages (0.1.5)
Requirement already satisfied: pandas>=1.4.2 in /home/elena.buscaroli/miniconda3/envs/basilica-env/lib/python3.9/site-packages (from pybasilica) (2.0.2)
Requirement already satisfied: pyro-api>=0.1.2 in /home/elena.buscaroli/miniconda3/envs/basilica-env/lib/python3.9/site-packages (from pybasilica) (0.1.2)
Requirement already satisfied: pyro-ppl>=1.8.0 in /home/elena.buscaroli/miniconda3/envs/basilica-env/lib/python3.9/site-packages (from pybasilica) (1.8.0)
Requirement already satisfied: numpy>=1.21.5 in /home/elena.buscaroli/miniconda3/envs/basilica-env/lib/python3.9/site-packages (from pybasilica) (1.24.3)
Requirement already satisfied: torch==1.10.2 in /home/elena.buscaroli/miniconda3/envs/basilica-env/lib/python3.9/site-packages (from pybasilica) (1.10.2)
Requirement already satisfied: tqdm in /home/elena.buscaroli/miniconda3/envs/basilica-env/lib/python3.9/site-packages (from pybasilica) (4.65.0)
Requirement already satisfied: rich in /home/elena.buscaroli/miniconda3/envs/basilica-env/lib/python3.9/site-packages (from pybasilica) (13.4.2)
Requirement already satisfied: statsmodels in /home/elena.buscaroli/miniconda3/envs/basilica-env/lib/python3.9/site-packages (from pybasilica) (0.14.0)
Requirement already satisfied: uniplot in /home/elena.buscaroli/miniconda3/envs/basilica-env/lib/python3.9/site-packages (from pybasilica) (0.10.0)
Requirement already satisfied: typing-extensions in /home/elena.buscaroli/miniconda3/envs/basilica-env/lib/python3.9/site-packages (from torch==1.10.2->pybasilica) (4.6.3)
Requirement already satisfied: python-dateutil>=2.8.2 in /home/elena.buscaroli/miniconda3/envs/basilica-env/lib/python3.9/site-packages (from pandas>=1.4.2->pybasilica) (2.8.2)
Requirement already satisfied: pytz>=2020.1 in /home/elena.buscaroli/miniconda3/envs/basilica-env/lib/python3.9/site-packages (from pandas>=1.4.2->pybasilica) (2023.3)
Requirement already satisfied: tzdata>=2022.1 in /home/elena.buscaroli/miniconda3/envs/basilica-env/lib/python3.9/site-packages (from pandas>=1.4.2->pybasilica) (2023.3)
Requirement already satisfied: opt-einsum>=2.3.2 in /home/elena.buscaroli/miniconda3/envs/basilica-env/lib/python3.9/site-packages (from pyro-ppl>=1.8.0->pybasilica) (3.3.0)
Requirement already satisfied: markdown-it-py>=2.2.0 in /home/elena.buscaroli/miniconda3/envs/basilica-env/lib/python3.9/site-packages (from rich->pybasilica) (3.0.0)
Requirement already satisfied: pygments<3.0.0,>=2.13.0 in /home/elena.buscaroli/miniconda3/envs/basilica-env/lib/python3.9/site-packages (from rich->pybasilica) (2.15.1)
Requirement already satisfied: scipy!=1.9.2,>=1.4 in /home/elena.buscaroli/miniconda3/envs/basilica-env/lib/python3.9/site-packages (from statsmodels->pybasilica) (1.10.1)
Requirement already satisfied: patsy>=0.5.2 in /home/elena.buscaroli/miniconda3/envs/basilica-env/lib/python3.9/site-packages (from statsmodels->pybasilica) (0.5.3)
Requirement already satisfied: packaging>=21.3 in /home/elena.buscaroli/miniconda3/envs/basilica-env/lib/python3.9/site-packages (from statsmodels->pybasilica) (23.1)
Requirement already satisfied: mdurl~=0.1 in /home/elena.buscaroli/miniconda3/envs/basilica-env/lib/python3.9/site-packages (from markdown-it-py>=2.2.0->rich->pybasilica) (0.1.2)
Requirement already satisfied: six in /home/elena.buscaroli/miniconda3/envs/basilica-env/lib/python3.9/site-packages (from patsy>=0.5.2->statsmodels->pybasilica) (1.16.0)
✔ Installing the `pybasilica` package from PyPI. ... done

ℹ Loading packagesℹ Loading simbasilica
✔ Loading packages ... done

regularizer = noreg - reg_weight = 0 - inference_type = clust 
N500.G6.s1
N500.G6.s1
cluster_list = 3,4,5,6,7,8,9 
k_list = 7,8,9,10,11 
ℹ Running clustering fit
Using K_0.G_1.seed_4.icl, K_0.G_1.seed_17.icl, K_0.G_1.seed_22.icl as id variables
Using K_0.G_1.seed_4.icl, K_0.G_1.seed_17.icl, K_0.G_1.seed_22.icl as id variables
Running model with 0 signatures, None groups and 4 seed

N parameters 49000
N parameters 49000
Running model with 0 signatures, None groups and 17 seed

N parameters 49000
N parameters 49000
Running model with 0 signatures, None groups and 22 seed

N parameters 49000
N parameters 49000
Running model with 7 signatures, 9 groups and 4 seed

N parameters 5242
N parameters 5242
Running model with 7 signatures, 9 groups and 17 seed

N parameters 5232
N parameters 5232
Running model with 7 signatures, 9 groups and 22 seed

N parameters 5232
N parameters 5232
Running model with 8 signatures, 9 groups and 4 seed

N parameters 5823
N parameters 5823
Running model with 8 signatures, 9 groups and 17 seed

N parameters 5834
N parameters 5834
Running model with 8 signatures, 9 groups and 22 seed

N parameters 5845
N parameters 5845
Running model with 9 signatures, 9 groups and 4 seed

N parameters 6448
N parameters 6448
Running model with 9 signatures, 9 groups and 17 seed

N parameters 6424
N parameters 6424
Running model with 9 signatures, 9 groups and 22 seed

N parameters 6436
N parameters 6436
Running model with 10 signatures, 9 groups and 4 seed

N parameters 7038
N parameters 7038
Running model with 10 signatures, 9 groups and 17 seed

N parameters 7064
N parameters 7064
Running model with 10 signatures, 9 groups and 22 seed

N parameters 7038
N parameters 7038
Running model with 11 signatures, 9 groups and 4 seed

N parameters 7612
N parameters 7612
Running model with 11 signatures, 9 groups and 17 seed

N parameters 7626
N parameters 7626
Running model with 11 signatures, 9 groups and 22 seed

N parameters 7640
N parameters 7640
No id variables; using all as measure variables
No id variables; using all as measure variables
✔ Running clustering fit ... done

Clustering run class: basilica_obj 
N500.G6.s2
N500.G6.s2
cluster_list = 3,4,5,6,7,8,9 
k_list = 7,8,9,10,11 
ℹ Running clustering fit
Using K_0.G_1.seed_4.icl, K_0.G_1.seed_17.icl, K_0.G_1.seed_22.icl as id variables
Using K_0.G_1.seed_4.icl, K_0.G_1.seed_17.icl, K_0.G_1.seed_22.icl as id variables
Running model with 0 signatures, None groups and 4 seed

N parameters 49000
N parameters 49000
Running model with 0 signatures, None groups and 17 seed

N parameters 49000
N parameters 49000
Running model with 0 signatures, None groups and 22 seed

N parameters 49000
N parameters 49000
Running model with 7 signatures, 9 groups and 4 seed

N parameters 5222
N parameters 5222
Running model with 7 signatures, 9 groups and 17 seed

N parameters 5232
N parameters 5232
Running model with 7 signatures, 9 groups and 22 seed

N parameters 5222
N parameters 5222
Running model with 8 signatures, 9 groups and 4 seed

N parameters 5845
N parameters 5845
Running model with 8 signatures, 9 groups and 17 seed

N parameters 5845
N parameters 5845
Running model with 8 signatures, 9 groups and 22 seed

N parameters 5834
N parameters 5834
Running model with 9 signatures, 9 groups and 4 seed

N parameters 6448
N parameters 6448
Running model with 9 signatures, 9 groups and 17 seed

N parameters 6436
N parameters 6436
Running model with 9 signatures, 9 groups and 22 seed

N parameters 6460
N parameters 6460
Running model with 10 signatures, 9 groups and 4 seed

N parameters 7064
N parameters 7064
Running model with 10 signatures, 9 groups and 17 seed

N parameters 7025
N parameters 7025
Running model with 10 signatures, 9 groups and 22 seed

N parameters 7038
N parameters 7038
Running model with 11 signatures, 9 groups and 4 seed

N parameters 7640
N parameters 7640
Running model with 11 signatures, 9 groups and 17 seed

N parameters 7640
N parameters 7640
Running model with 11 signatures, 9 groups and 22 seed

N parameters 7654
N parameters 7654
No id variables; using all as measure variables
No id variables; using all as measure variables
✔ Running clustering fit ... done

Clustering run class: basilica_obj 
N500.G6.s3
N500.G6.s3
cluster_list = 3,4,5,6,7,8,9 
k_list = 7,8,9,10,11 
ℹ Running clustering fit
Using K_0.G_1.seed_4.icl, K_0.G_1.seed_17.icl, K_0.G_1.seed_22.icl as id variables
Using K_0.G_1.seed_4.icl, K_0.G_1.seed_17.icl, K_0.G_1.seed_22.icl as id variables
Running model with 0 signatures, None groups and 4 seed

N parameters 49098
N parameters 49098
Running model with 0 signatures, None groups and 17 seed

N parameters 49098
N parameters 49098
Running model with 0 signatures, None groups and 22 seed

N parameters 49098
N parameters 49098
Running model with 7 signatures, 9 groups and 4 seed

N parameters 5241
N parameters 5241
Running model with 7 signatures, 9 groups and 17 seed

N parameters 5271
N parameters 5271
Running model with 7 signatures, 9 groups and 22 seed

N parameters 5241
N parameters 5241
Running model with 8 signatures, 9 groups and 4 seed

N parameters 5833
N parameters 5833
Running model with 8 signatures, 9 groups and 17 seed

N parameters 5844
N parameters 5844
Running model with 8 signatures, 9 groups and 22 seed

N parameters 5844
N parameters 5844
Running model with 9 signatures, 9 groups and 4 seed

N parameters 6459
N parameters 6459
Running model with 9 signatures, 9 groups and 17 seed

N parameters 6471
N parameters 6471
Running model with 9 signatures, 9 groups and 22 seed

N parameters 6471
N parameters 6471
Running model with 10 signatures, 9 groups and 4 seed

N parameters 7063
N parameters 7063
Running model with 10 signatures, 9 groups and 17 seed

N parameters 7063
N parameters 7063
Running model with 10 signatures, 9 groups and 22 seed

N parameters 7063
N parameters 7063
Running model with 11 signatures, 9 groups and 4 seed

N parameters 7681
N parameters 7681
Running model with 11 signatures, 9 groups and 17 seed

N parameters 7681
N parameters 7681
Running model with 11 signatures, 9 groups and 22 seed

N parameters 7653
N parameters 7653
No id variables; using all as measure variables
No id variables; using all as measure variables
✔ Running clustering fit ... done

Clustering run class: basilica_obj 
N500.G6.s4
N500.G6.s4
cluster_list = 3,4,5,6,7,8,9 
k_list = 7,8,9,10,11 
ℹ Running clustering fit
Using K_0.G_1.seed_4.icl, K_0.G_1.seed_17.icl, K_0.G_1.seed_22.icl as id variables
Using K_0.G_1.seed_4.icl, K_0.G_1.seed_17.icl, K_0.G_1.seed_22.icl as id variables
Running model with 0 signatures, None groups and 4 seed

N parameters 49000
N parameters 49000
Running model with 0 signatures, None groups and 17 seed

N parameters 49000
N parameters 49000
Running model with 0 signatures, None groups and 22 seed

N parameters 49000
N parameters 49000
Running model with 7 signatures, 9 groups and 4 seed

N parameters 5232
N parameters 5232
Running model with 7 signatures, 9 groups and 17 seed

N parameters 5232
N parameters 5232
Running model with 7 signatures, 9 groups and 22 seed

N parameters 5242
N parameters 5242
Running model with 8 signatures, 9 groups and 4 seed

N parameters 5834
N parameters 5834
Running model with 8 signatures, 9 groups and 17 seed

N parameters 5856
N parameters 5856
Running model with 8 signatures, 9 groups and 22 seed

N parameters 5856
N parameters 5856
Running model with 9 signatures, 9 groups and 4 seed

N parameters 6436
N parameters 6436
Running model with 9 signatures, 9 groups and 17 seed

N parameters 6424
N parameters 6424
Running model with 9 signatures, 9 groups and 22 seed

N parameters 6424
N parameters 6424
Running model with 10 signatures, 9 groups and 4 seed

N parameters 7038
N parameters 7038
Running model with 10 signatures, 9 groups and 17 seed

N parameters 7064
N parameters 7064
Running model with 10 signatures, 9 groups and 22 seed

N parameters 7025
N parameters 7025
Running model with 11 signatures, 9 groups and 4 seed

N parameters 7654
N parameters 7654
Running model with 11 signatures, 9 groups and 17 seed

N parameters 7626
N parameters 7626
Running model with 11 signatures, 9 groups and 22 seed

N parameters 7654
N parameters 7654
No id variables; using all as measure variables
No id variables; using all as measure variables
✔ Running clustering fit ... done

Clustering run class: basilica_obj 
N500.G6.s5
N500.G6.s5
cluster_list = 3,4,5,6,7,8,9 
k_list = 7,8,9,10,11 
ℹ Running clustering fit
Using K_0.G_1.seed_4.icl, K_0.G_1.seed_17.icl, K_0.G_1.seed_22.icl as id variables
Using K_0.G_1.seed_4.icl, K_0.G_1.seed_17.icl, K_0.G_1.seed_22.icl as id variables
Running model with 0 signatures, None groups and 4 seed

N parameters 48902
N parameters 48902
Running model with 0 signatures, None groups and 17 seed

N parameters 48902
N parameters 48902
Running model with 0 signatures, None groups and 22 seed

N parameters 48902
N parameters 48902
Running model with 7 signatures, 9 groups and 4 seed

N parameters 5203
N parameters 5203
Running model with 7 signatures, 9 groups and 17 seed

N parameters 5223
N parameters 5223
Running model with 7 signatures, 9 groups and 22 seed

N parameters 5223
N parameters 5223
Running model with 8 signatures, 9 groups and 4 seed

N parameters 5846
N parameters 5846
Running model with 8 signatures, 9 groups and 17 seed

N parameters 5824
N parameters 5824
Running model with 8 signatures, 9 groups and 22 seed

N parameters 5857
N parameters 5857
Running model with 9 signatures, 9 groups and 4 seed

N parameters 6413
N parameters 6413
Running model with 9 signatures, 9 groups and 17 seed

N parameters 6437
N parameters 6437
Running model with 9 signatures, 9 groups and 22 seed

N parameters 6413
N parameters 6413
Running model with 10 signatures, 9 groups and 4 seed

N parameters 7026
N parameters 7026
Running model with 10 signatures, 9 groups and 17 seed

N parameters 7013
N parameters 7013
Running model with 10 signatures, 9 groups and 22 seed

N parameters 7039
N parameters 7039
Running model with 11 signatures, 9 groups and 4 seed

N parameters 7627
N parameters 7627
Running model with 11 signatures, 9 groups and 17 seed

N parameters 7627
N parameters 7627
Running model with 11 signatures, 9 groups and 22 seed

N parameters 7627
N parameters 7627
No id variables; using all as measure variables
No id variables; using all as measure variables
✔ Running clustering fit ... done

Clustering run class: basilica_obj 
slurmstepd: error: _cgroup_procs_check: failed on path /sys/fs/cgroup/memory/slurm/uid_6710/job_3370569/step_batch/cgroup.procs: No such file or directory
slurmstepd: error: unable to read '/sys/fs/cgroup/memory/slurm/uid_6710/job_3370569/step_batch/cgroup.procs'
